<?xml version="1.0" encoding="UTF-8"?>
<!-- Generated by org.testng.reporters.JUnitReportReporter -->
<testsuite hostname="LAPTOP-K26P8KNR" failures="0" tests="1" name="Products.RemoveProductTest" time="0.443" errors="0" timestamp="2024-11-06T22:00:59 IST" skipped="0">
  <testcase classname="Products.RemoveProductTest" name="sample" time="0.443"/>
  <system-out/>
</testsuite> <!-- Products.RemoveProductTest -->
