<?xml version="1.0" encoding="UTF-8"?>
<!-- Generated by org.testng.reporters.JUnitReportReporter -->
<testsuite hostname="LAPTOP-K26P8KNR" failures="0" tests="3" name="practice.TestNGPractice" time="0.013" errors="0" timestamp="2024-10-24T20:01:48 IST" skipped="0">
  <testcase classname="practice.TestNGPractice" name="methodSecond" time="0.011"/>
  <system-out>
    <![CDATA[Hi from second]]>
  </system-out>
  <testcase classname="practice.TestNGPractice" name="methodFirst" time="0.001"/>
  <system-out>
    <![CDATA[Hi from 1st]]>
  </system-out>
  <testcase classname="practice.TestNGPractice" name="methodThird" time="0.001"/>
  <system-out>
    <![CDATA[Hi from Third]]>
  </system-out>
</testsuite> <!-- practice.TestNGPractice -->
