<?xml version="1.0" encoding="UTF-8"?>
<!-- Generated by org.testng.reporters.JUnitReportReporter -->
<testsuite hostname="LAPTOP-K26P8KNR" failures="0" tests="2" name="practice.AssertionsPractice" time="0.019" errors="0" timestamp="2024-10-26T20:34:51 IST" skipped="0">
  <testcase classname="practice.AssertionsPractice" name="sample" time="0.013"/>
  <system-out/>
  <testcase classname="practice.AssertionsPractice" name="sample1" time="0.006"/>
  <system-out/>
</testsuite> <!-- practice.AssertionsPractice -->
