<?xml version="1.0" encoding="UTF-8"?>
<!-- Generated by org.testng.reporters.JUnitXMLReporter -->
<testsuite ignored="0" hostname="LAPTOP-K26P8KNR" failures="0" tests="1" name="Test-runner-2" time="11.016" errors="0" timestamp="2024-11-06T11:22:02 IST">
  <testcase classname="Products.AddProductToCartTest" name="AddProductToCart" time="4.139"/>
</testsuite> <!-- Test-runner-2 -->
