<?xml version="1.0" encoding="UTF-8"?>
<!-- Generated by org.testng.reporters.JUnitXMLReporter -->
<testsuite ignored="0" hostname="LAPTOP-K26P8KNR" failures="0" tests="1" name="Test-Runner-1" time="7.078" errors="0" timestamp="2024-11-06T11:21:58 IST">
  <testcase classname="Products.RemoveProductTest" name="sample" time="0.013"/>
</testsuite> <!-- Test-Runner-1 -->
