<?xml version="1.0" encoding="UTF-8"?>
<!-- Generated by org.testng.reporters.JUnitXMLReporter -->
<testsuite ignored="0" hostname="LAPTOP-K26P8KNR" failures="0" tests="1" name="Test-Runner-Chrome" time="14.25" errors="0" timestamp="2024-10-31T19:47:58 IST">
  <testcase classname="Products.RemoveProductTest" name="sample" time="0.002"/>
</testsuite> <!-- Test-Runner-Chrome -->
